# JRE version: 7.0_09-b05
# Java VM: Java HotSpot(TM) Client VM (23.5-b02 mixed mode, sharing windows-x86 )
Heap
 def new generation   total 7424K, used 3360K [0x24c80000, 0x25480000, 0x2a1d0000)
  eden space 6656K,  38% used [0x24c80000, 0x24f080d0, 0x25300000)
  from space 768K, 100% used [0x253c0000, 0x25480000, 0x25480000)
  to   space 768K,   0% used [0x25300000, 0x25300000, 0x253c0000)
 tenured generation   total 16352K, used 9991K [0x2a1d0000, 0x2b1c8000, 0x34c80000)
   the space 16352K,  61% used [0x2a1d0000, 0x2ab91cc8, 0x2ab91e00, 0x2b1c8000)
 compacting perm gen  total 12288K, used 7091K [0x34c80000, 0x35880000, 0x38c80000)
   the space 12288K,  57% used [0x34c80000, 0x3536cd00, 0x3536ce00, 0x35880000)
    ro space 10240K,  45% used [0x38c80000, 0x39105880, 0x39105a00, 0x39680000)
    rw space 12288K,  54% used [0x39680000, 0x39d08a58, 0x39d08c00, 0x3a280000)
GC Heap History (10 events):
Event: 228.455 GC heap before
{Heap before GC invocations=28 (full 1):
 def new generation   total 6784K, used 6784K [0x24c80000, 0x253d0000, 0x2a1d0000)
  eden space 6080K, 100% used [0x24c80000, 0x25270000, 0x25270000)
  from space 704K, 100% used [0x25320000, 0x253d0000, 0x253d0000)
  to   space 704K,   0% used [0x25270000, 0x25270000, 0x25320000)
 tenured generation   total 14932K, used 14104K [0x2a1d0000, 0x2b065000, 0x34c80000)
   the space 14932K,  94% used [0x2a1d0000, 0x2af962d8, 0x2af96400, 0x2b065000)
 compacting perm gen  total 12288K, used 6922K [0x34c80000, 0x35880000, 0x38c80000)
   the space 12288K,  56% used [0x34c80000, 0x35342958, 0x35342a00, 0x35880000)
    ro space 10240K,  45% used [0x38c80000, 0x39105880, 0x39105a00, 0x39680000)
    rw space 12288K,  54% used [0x39680000, 0x39d08a58, 0x39d08c00, 0x3a280000)
Event: 228.460 GC heap after
Heap after GC invocations=29 (full 1):
 def new generation   total 6784K, used 704K [0x24c80000, 0x253d0000, 0x2a1d0000)
  eden space 6080K,   0% used [0x24c80000, 0x24c80000, 0x25270000)
  from space 704K, 100% used [0x25270000, 0x25320000, 0x25320000)
  to   space 704K,   0% used [0x25320000, 0x25320000, 0x253d0000)
 tenured generation   total 14932K, used 14312K [0x2a1d0000, 0x2b065000, 0x34c80000)
   the space 14932K,  95% used [0x2a1d0000, 0x2afca120, 0x2afca200, 0x2b065000)
 compacting perm gen  total 12288K, used 6922K [0x34c80000, 0x35880000, 0x38c80000)
   the space 12288K,  56% used [0x34c80000, 0x35342958, 0x35342a00, 0x35880000)
    ro space 10240K,  45% used [0x38c80000, 0x39105880, 0x39105a00, 0x39680000)
    rw space 12288K,  54% used [0x39680000, 0x39d08a58, 0x39d08c00, 0x3a280000)
}
Event: 235.116 GC heap before
{Heap before GC invocations=29 (full 1):
 def new generation   total 6784K, used 6784K [0x24c80000, 0x253d0000, 0x2a1d0000)
  eden space 6080K, 100% used [0x24c80000, 0x25270000, 0x25270000)
  from space 704K, 100% used [0x25270000, 0x25320000, 0x25320000)
  to   space 704K,   0% used [0x25320000, 0x25320000, 0x253d0000)
 tenured generation   total 14932K, used 14312K [0x2a1d0000, 0x2b065000, 0x34c80000)
   the space 14932K,  95% used [0x2a1d0000, 0x2afca120, 0x2afca200, 0x2b065000)
 compacting perm gen  total 12288K, used 6923K [0x34c80000, 0x35880000, 0x38c80000)
   the space 12288K,  56% used [0x34c80000, 0x35342e40, 0x35343000, 0x35880000)
    ro space 10240K,  45% used [0x38c80000, 0x39105880, 0x39105a00, 0x39680000)
    rw space 12288K,  54% used [0x39680000, 0x39d08a58, 0x39d08c00, 0x3a280000)
Event: 235.128 GC heap after
Heap after GC invocations=30 (full 1):
 def new generation   total 6784K, used 704K [0x24c80000, 0x253d0000, 0x2a1d0000)
  eden space 6080K,   0% used [0x24c80000, 0x24c80000, 0x25270000)
  from space 704K, 100% used [0x25320000, 0x253d0000, 0x253d0000)
  to   space 704K,   0% used [0x25270000, 0x25270000, 0x25320000)
 tenured generation   total 14932K, used 14817K [0x2a1d0000, 0x2b065000, 0x34c80000)
   the space 14932K,  99% used [0x2a1d0000, 0x2b048450, 0x2b048600, 0x2b065000)
 compacting perm gen  total 12288K, used 6923K [0x34c80000, 0x35880000, 0x38c80000)
   the space 12288K,  56% used [0x34c80000, 0x35342e40, 0x35343000, 0x35880000)
    ro space 10240K,  45% used [0x38c80000, 0x39105880, 0x39105a00, 0x39680000)
    rw space 12288K,  54% used [0x39680000, 0x39d08a58, 0x39d08c00, 0x3a280000)
}
Event: 236.899 GC heap before
{Heap before GC invocations=30 (full 1):
 def new generation   total 6784K, used 6784K [0x24c80000, 0x253d0000, 0x2a1d0000)
  eden space 6080K, 100% used [0x24c80000, 0x25270000, 0x25270000)
  from space 704K, 100% used [0x25320000, 0x253d0000, 0x253d0000)
  to   space 704K,   0% used [0x25270000, 0x25270000, 0x25320000)
 tenured generation   total 14932K, used 14817K [0x2a1d0000, 0x2b065000, 0x34c80000)
   the space 14932K,  99% used [0x2a1d0000, 0x2b048450, 0x2b048600, 0x2b065000)
 compacting perm gen  total 12288K, used 6948K [0x34c80000, 0x35880000, 0x38c80000)
   the space 12288K,  56% used [0x34c80000, 0x353493e0, 0x35349400, 0x35880000)
    ro space 10240K,  45% used [0x38c80000, 0x39105880, 0x39105a00, 0x39680000)
    rw space 12288K,  54% used [0x39680000, 0x39d08a58, 0x39d08c00, 0x3a280000)
Event: 236.906 GC heap after
Heap after GC invocations=31 (full 1):
 def new generation   total 6784K, used 535K [0x24c80000, 0x253d0000, 0x2a1d0000)
  eden space 6080K,   0% used [0x24c80000, 0x24c80000, 0x25270000)
  from space 704K,  76% used [0x25270000, 0x252f5dc0, 0x25320000)
  to   space 704K,   0% used [0x25320000, 0x25320000, 0x253d0000)
 tenured generation   total 14932K, used 14822K [0x2a1d0000, 0x2b065000, 0x34c80000)
   the space 14932K,  99% used [0x2a1d0000, 0x2b049910, 0x2b049a00, 0x2b065000)
 compacting perm gen  total 12288K, used 6948K [0x34c80000, 0x35880000, 0x38c80000)
   the space 12288K,  56% used [0x34c80000, 0x353493e0, 0x35349400, 0x35880000)
    ro space 10240K,  45% used [0x38c80000, 0x39105880, 0x39105a00, 0x39680000)
    rw space 12288K,  54% used [0x39680000, 0x39d08a58, 0x39d08c00, 0x3a280000)
}
Event: 237.012 GC heap before
{Heap before GC invocations=31 (full 1):
 def new generation   total 6784K, used 6615K [0x24c80000, 0x253d0000, 0x2a1d0000)
  eden space 6080K, 100% used [0x24c80000, 0x25270000, 0x25270000)
  from space 704K,  76% used [0x25270000, 0x252f5dc0, 0x25320000)
  to   space 704K,   0% used [0x25320000, 0x25320000, 0x253d0000)
 tenured generation   total 14932K, used 14822K [0x2a1d0000, 0x2b065000, 0x34c80000)
   the space 14932K,  99% used [0x2a1d0000, 0x2b049910, 0x2b049a00, 0x2b065000)
 compacting perm gen  total 12288K, used 6948K [0x34c80000, 0x35880000, 0x38c80000)
   the space 12288K,  56% used [0x34c80000, 0x353493e0, 0x35349400, 0x35880000)
    ro space 10240K,  45% used [0x38c80000, 0x39105880, 0x39105a00, 0x39680000)
    rw space 12288K,  54% used [0x39680000, 0x39d08a58, 0x39d08c00, 0x3a280000)
Event: 237.107 GC heap after
Heap after GC invocations=32 (full 2):
 def new generation   total 7424K, used 0K [0x24c80000, 0x25480000, 0x2a1d0000)
  eden space 6656K,   0% used [0x24c80000, 0x24c80000, 0x25300000)
  from space 768K,   0% used [0x25300000, 0x25300000, 0x253c0000)
  to   space 768K,   0% used [0x253c0000, 0x253c0000, 0x25480000)
 tenured generation   total 16352K, used 9810K [0x2a1d0000, 0x2b1c8000, 0x34c80000)
   the space 16352K,  59% used [0x2a1d0000, 0x2ab64948, 0x2ab64a00, 0x2b1c8000)
 compacting perm gen  total 12288K, used 6948K [0x34c80000, 0x35880000, 0x38c80000)
   the space 12288K,  56% used [0x34c80000, 0x353493e0, 0x35349400, 0x35880000)
    ro space 10240K,  45% used [0x38c80000, 0x39105880, 0x39105a00, 0x39680000)
    rw space 12288K,  54% used [0x39680000, 0x39d08a58, 0x39d08c00, 0x3a280000)
}
Event: 242.643 GC heap before
{Heap before GC invocations=32 (full 2):
 def new generation   total 7424K, used 6656K [0x24c80000, 0x25480000, 0x2a1d0000)
  eden space 6656K, 100% used [0x24c80000, 0x25300000, 0x25300000)
  from space 768K,   0% used [0x25300000, 0x25300000, 0x253c0000)
  to   space 768K,   0% used [0x253c0000, 0x253c0000, 0x25480000)
 tenured generation   total 16352K, used 9810K [0x2a1d0000, 0x2b1c8000, 0x34c80000)
   the space 16352K,  59% used [0x2a1d0000, 0x2ab64948, 0x2ab64a00, 0x2b1c8000)
 compacting perm gen  total 12288K, used 7021K [0x34c80000, 0x35880000, 0x38c80000)
   the space 12288K,  57% used [0x34c80000, 0x3535b620, 0x3535b800, 0x35880000)
    ro space 10240K,  45% used [0x38c80000, 0x39105880, 0x39105a00, 0x39680000)
    rw space 12288K,  54% used [0x39680000, 0x39d08a58, 0x39d08c00, 0x3a280000)
Event: 242.649 GC heap after
Heap after GC invocations=33 (full 2):
 def new generation   total 7424K, used 768K [0x24c80000, 0x25480000, 0x2a1d0000)
  eden space 6656K,   0% used [0x24c80000, 0x24c80000, 0x25300000)
  from space 768K, 100% used [0x253c0000, 0x25480000, 0x25480000)
  to   space 768K,   0% used [0x25300000, 0x25300000, 0x253c0000)
 tenured generation   total 16352K, used 9991K [0x2a1d0000, 0x2b1c8000, 0x34c80000)
   the space 16352K,  61% used [0x2a1d0000, 0x2ab91cc8, 0x2ab91e00, 0x2b1c8000)
 compacting perm gen  total 12288K, used 7021K [0x34c80000, 0x35880000, 0x38c80000)
   the space 12288K,  57% used [0x34c80000, 0x3535b620, 0x3535b800, 0x35880000)
    ro space 10240K,  45% used [0x38c80000, 0x39105880, 0x39105a00, 0x39680000)
    rw space 12288K,  54% used [0x39680000, 0x39d08a58, 0x39d08c00, 0x3a280000)
}

